<?xml version="1.0" encoding="UTF-8"?>
<coverage generated="1747955192768" clover="3.2.0">
  <project timestamp="1747955192768" name="All files">
    <metrics statements="10" coveredstatements="10" conditionals="13" coveredconditionals="12" methods="3" coveredmethods="3" elements="26" coveredelements="25" complexity="0" loc="10" ncloc="10" packages="1" files="1" classes="1"/>
    <file name="logic.js" path="D:\Desktop\Atividade-CI\logic.js">
      <metrics statements="10" coveredstatements="10" conditionals="13" coveredconditionals="12" methods="3" coveredmethods="3"/>
      <line num="8" count="8" type="stmt"/>
      <line num="9" count="8" type="cond" truecount="3" falsecount="0"/>
      <line num="19" count="5" type="stmt"/>
      <line num="31" count="6" type="cond" truecount="2" falsecount="0"/>
      <line num="32" count="2" type="stmt"/>
      <line num="33" count="4" type="cond" truecount="4" falsecount="0"/>
      <line num="34" count="2" type="stmt"/>
      <line num="36" count="2" type="stmt"/>
      <line num="41" count="1" type="cond" truecount="3" falsecount="1"/>
      <line num="42" count="1" type="stmt"/>
    </file>
  </project>
</coverage>
