{"D:\\Desktop\\Atividade-CI\\logic.js": {"path":"D:\\Desktop\\Atividade-CI\\logic.js","statementMap":{"0":{"start":{"line":8,"column":14},"end":{"line":8,"column":30}},"1":{"start":{"line":9,"column":4},"end":{"line":9,"column":42}},"2":{"start":{"line":19,"column":4},"end":{"line":19,"column":55}},"3":{"start":{"line":31,"column":4},"end":{"line":37,"column":5}},"4":{"start":{"line":32,"column":8},"end":{"line":32,"column":27}},"5":{"start":{"line":33,"column":11},"end":{"line":37,"column":5}},"6":{"start":{"line":34,"column":8},"end":{"line":34,"column":29}},"7":{"start":{"line":36,"column":8},"end":{"line":36,"column":26}},"8":{"start":{"line":41,"column":0},"end":{"line":43,"column":1}},"9":{"start":{"line":42,"column":4},"end":{"line":42,"column":72}}},"fnMap":{"0":{"name":"validarNota","decl":{"start":{"line":7,"column":9},"end":{"line":7,"column":20}},"loc":{"start":{"line":7,"column":27},"end":{"line":10,"column":1}},"line":7},"1":{"name":"calcularMedia","decl":{"start":{"line":18,"column":9},"end":{"line":18,"column":22}},"loc":{"start":{"line":18,"column":37},"end":{"line":20,"column":1}},"line":18},"2":{"name":"determinarSituacao","decl":{"start":{"line":30,"column":9},"end":{"line":30,"column":27}},"loc":{"start":{"line":30,"column":35},"end":{"line":38,"column":1}},"line":30}},"branchMap":{"0":{"loc":{"start":{"line":9,"column":11},"end":{"line":9,"column":41}},"type":"binary-expr","locations":[{"start":{"line":9,"column":11},"end":{"line":9,"column":20}},{"start":{"line":9,"column":24},"end":{"line":9,"column":30}},{"start":{"line":9,"column":34},"end":{"line":9,"column":41}}],"line":9},"1":{"loc":{"start":{"line":31,"column":4},"end":{"line":37,"column":5}},"type":"if","locations":[{"start":{"line":31,"column":4},"end":{"line":37,"column":5}},{"start":{"line":33,"column":11},"end":{"line":37,"column":5}}],"line":31},"2":{"loc":{"start":{"line":33,"column":11},"end":{"line":37,"column":5}},"type":"if","locations":[{"start":{"line":33,"column":11},"end":{"line":37,"column":5}},{"start":{"line":35,"column":11},"end":{"line":37,"column":5}}],"line":33},"3":{"loc":{"start":{"line":33,"column":15},"end":{"line":33,"column":38}},"type":"binary-expr","locations":[{"start":{"line":33,"column":15},"end":{"line":33,"column":25}},{"start":{"line":33,"column":29},"end":{"line":33,"column":38}}],"line":33},"4":{"loc":{"start":{"line":41,"column":0},"end":{"line":43,"column":1}},"type":"if","locations":[{"start":{"line":41,"column":0},"end":{"line":43,"column":1}},{"start":{},"end":{}}],"line":41},"5":{"loc":{"start":{"line":41,"column":4},"end":{"line":41,"column":51}},"type":"binary-expr","locations":[{"start":{"line":41,"column":4},"end":{"line":41,"column":33}},{"start":{"line":41,"column":37},"end":{"line":41,"column":51}}],"line":41}},"s":{"0":8,"1":8,"2":5,"3":6,"4":2,"5":4,"6":2,"7":2,"8":1,"9":1},"f":{"0":8,"1":5,"2":6},"b":{"0":[8,5,4],"1":[2,4],"2":[2,2],"3":[4,4],"4":[1,0],"5":[1,1]},"_coverageSchema":"1a1c01bbd47fc00a2c39e90264f33305004495a9","hash":"92bd01b7df494a595b5363fd1ae267386e8cd98d"}
}
